<?xml version="1.0" encoding="UTF-8"?>
<!-- Generated by org.testng.reporters.JUnitReportReporter -->
<testsuite hostname="MOHANA" failures="0" tests="3" name="Task5" time="0.012" errors="0" timestamp="2023-04-27T15:43:27 IST" skipped="0">
  <testcase classname="Task5" name="f2" time="0.001"/>
  <system-out/>
  <testcase classname="Task5" name="f1" time="0.001"/>
  <system-out/>
  <testcase classname="Task5" name="f" time="0.010"/>
  <system-out/>
</testsuite> <!-- Task5 -->
