<?xml version="1.0" encoding="UTF-8"?>
<!-- Generated by org.testng.reporters.JUnitReportReporter -->
<testsuite hostname="MOHANA" failures="0" tests="12" name="Day9_1" time="0.049" errors="0" timestamp="2023-05-02T09:43:28 IST" skipped="0">
  <testcase classname="Day9_1" name="add" time="0.002"/>
  <system-out/>
  <testcase classname="Day9_1" name="add" time="0.002"/>
  <system-out/>
  <testcase classname="Day9_1" name="add" time="0.010"/>
  <system-out/>
  <testcase classname="Day9_1" name="sub" time="0.002"/>
  <system-out/>
  <testcase classname="Day9_1" name="sub" time="0.006"/>
  <system-out/>
  <testcase classname="Day9_1" name="sub" time="0.003"/>
  <system-out/>
  <testcase classname="Day9_1" name="mul" time="0.002"/>
  <system-out/>
  <testcase classname="Day9_1" name="mul" time="0.004"/>
  <system-out/>
  <testcase classname="Day9_1" name="mul" time="0.005"/>
  <system-out/>
  <testcase classname="Day9_1" name="div" time="0.002"/>
  <system-out/>
  <testcase classname="Day9_1" name="div" time="0.003"/>
  <system-out/>
  <testcase classname="Day9_1" name="div" time="0.008"/>
  <system-out/>
</testsuite> <!-- Day9_1 -->
