<?xml version="1.0" encoding="UTF-8"?>
<!-- Generated by org.testng.reporters.JUnitReportReporter -->
<testsuite hostname="MOHANA" failures="0" tests="1" name="Task1" time="11.142" errors="0" timestamp="2023-04-27T10:33:07 IST" skipped="0">
  <testcase classname="Task1" name="f" time="11.142"/>
  <system-out/>
</testsuite> <!-- Task1 -->
