<?xml version="1.0" encoding="UTF-8"?>
<!-- Generated by org.testng.reporters.JUnitReportReporter -->
<testsuite hostname="MOHANA" failures="0" tests="4" name="Task2" time="0.023" errors="0" timestamp="2023-04-27T11:55:13 IST" skipped="0">
  <testcase classname="Task2" name="add" time="0.016"/>
  <system-out/>
  <testcase classname="Task2" name="subtract" time="0.003"/>
  <system-out/>
  <testcase classname="Task2" name="multiply" time="0.003"/>
  <system-out/>
  <testcase classname="Task2" name="divide" time="0.001"/>
  <system-out/>
</testsuite> <!-- Task2 -->
