<?xml version="1.0" encoding="UTF-8"?>
<!-- Generated by org.testng.reporters.JUnitReportReporter -->
<testsuite hostname="MOHANA" failures="0" tests="1" name="Task3" time="18.509" errors="0" timestamp="2023-04-27T15:23:44 IST" skipped="0">
  <testcase classname="Task3" name="f" time="18.509"/>
  <system-out/>
</testsuite> <!-- Task3 -->
