<?xml version="1.0" encoding="UTF-8"?>
<!-- Generated by org.testng.reporters.JUnitReportReporter -->
<testsuite hostname="MOHANA" failures="0" tests="1" name="com.example.demo.sample.Day9_5" time="21.163" errors="0" timestamp="2023-05-02T15:22:37 IST" skipped="0">
  <testcase classname="com.example.demo.sample.Day9_5" name="tc" time="21.163"/>
  <system-out/>
</testsuite> <!-- com.example.demo.sample.Day9_5 -->
